0 info it worked if it ends with ok
1 verbose cli [ 'C:\\Program Files\\nodejs\\node.exe',
1 verbose cli   'C:\\Program Files\\nodejs\\node_modules\\npm\\bin\\npm-cli.js',
1 verbose cli   'start' ]
2 info using npm@3.10.8
3 info using node@v6.9.1
4 verbose run-script [ 'prestart', 'start', 'poststart' ]
5 info lifecycle palbobaggins@0.0.0~prestart: palbobaggins@0.0.0
6 silly lifecycle palbobaggins@0.0.0~prestart: no script for prestart, continuing
7 info lifecycle palbobaggins@0.0.0~start: palbobaggins@0.0.0
8 verbose lifecycle palbobaggins@0.0.0~start: unsafe-perm in lifecycle true
9 verbose lifecycle palbobaggins@0.0.0~start: PATH: C:\Program Files\nodejs\node_modules\npm\bin\node-gyp-bin;C:\Users\Miska\Koulujuttuja\Palpo\palbobaggins\palbobaggins\node_modules\.bin;C:\ProgramData\Oracle\Java\javapath;C:\WINDOWS\system32;C:\WINDOWS;C:\WINDOWS\System32\Wbem;C:\WINDOWS\System32\WindowsPowerShell\v1.0\;C:\Program Files\Hewlett-Packard\SimplePass\;c:\Program Files (x86)\ATI Technologies\ATI.ACE\Core-Static;c:\Program Files\Intel\WiFi\bin\;c:\Program Files\Common Files\Intel\WirelessCommon\;C:\Program Files\MATLAB\R2016a\runtime\win64;C:\Program Files\MATLAB\R2016a\bin;C:\Program Files\nodejs\;C:\cygwin64\bin;C:\Users\Miska\AppData\Local\Programs\Python\Python35-32\Scripts\;C:\Users\Miska\AppData\Local\Programs\Python\Python35-32\;C:\Users\Miska\AppData\Local\atom\bin;C:\Users\Miska\AppData\Roaming\npm
10 verbose lifecycle palbobaggins@0.0.0~start: CWD: C:\Users\Miska\Koulujuttuja\Palpo\palbobaggins\palbobaggins
11 silly lifecycle palbobaggins@0.0.0~start: Args: [ '/d /s /c', 'node Server.js' ]
12 silly lifecycle palbobaggins@0.0.0~start: Returned: code: 1  signal: null
13 info lifecycle palbobaggins@0.0.0~start: Failed to exec start script
14 verbose stack Error: palbobaggins@0.0.0 start: `node Server.js`
14 verbose stack Exit status 1
14 verbose stack     at EventEmitter.<anonymous> (C:\Program Files\nodejs\node_modules\npm\lib\utils\lifecycle.js:255:16)
14 verbose stack     at emitTwo (events.js:106:13)
14 verbose stack     at EventEmitter.emit (events.js:191:7)
14 verbose stack     at ChildProcess.<anonymous> (C:\Program Files\nodejs\node_modules\npm\lib\utils\spawn.js:40:14)
14 verbose stack     at emitTwo (events.js:106:13)
14 verbose stack     at ChildProcess.emit (events.js:191:7)
14 verbose stack     at maybeClose (internal/child_process.js:877:16)
14 verbose stack     at Process.ChildProcess._handle.onexit (internal/child_process.js:226:5)
15 verbose pkgid palbobaggins@0.0.0
16 verbose cwd C:\Users\Miska\Koulujuttuja\Palpo\palbobaggins\palbobaggins
17 error Windows_NT 10.0.10586
18 error argv "C:\\Program Files\\nodejs\\node.exe" "C:\\Program Files\\nodejs\\node_modules\\npm\\bin\\npm-cli.js" "start"
19 error node v6.9.1
20 error npm  v3.10.8
21 error code ELIFECYCLE
22 error palbobaggins@0.0.0 start: `node Server.js`
22 error Exit status 1
23 error Failed at the palbobaggins@0.0.0 start script 'node Server.js'.
23 error Make sure you have the latest version of node.js and npm installed.
23 error If you do, this is most likely a problem with the palbobaggins package,
23 error not with npm itself.
23 error Tell the author that this fails on your system:
23 error     node Server.js
23 error You can get information on how to open an issue for this project with:
23 error     npm bugs palbobaggins
23 error Or if that isn't available, you can get their info via:
23 error     npm owner ls palbobaggins
23 error There is likely additional logging output above.
24 verbose exit [ 1, true ]
