0 info it worked if it ends with ok
1 verbose cli [ 'C:\\Program Files\\nodejs\\node.exe',
1 verbose cli   'C:\\Program Files\\nodejs\\node_modules\\npm\\bin\\npm-cli.js',
1 verbose cli   'start' ]
2 info using npm@3.10.8
3 info using node@v6.9.1
4 verbose run-script [ 'prestart', 'start', 'poststart' ]
5 info lifecycle palpobaggins@0.0.0~prestart: palpobaggins@0.0.0
6 verbose lifecycle palpobaggins@0.0.0~prestart: unsafe-perm in lifecycle true
7 verbose lifecycle palpobaggins@0.0.0~prestart: PATH: C:\Program Files\nodejs\node_modules\npm\bin\node-gyp-bin;C:\Users\Miska\Koulujuttuja\Palpo\nodejs-server-server\node_modules\.bin;C:\ProgramData\Oracle\Java\javapath;C:\WINDOWS\system32;C:\WINDOWS;C:\WINDOWS\System32\Wbem;C:\WINDOWS\System32\WindowsPowerShell\v1.0\;C:\Program Files\Hewlett-Packard\SimplePass\;c:\Program Files (x86)\ATI Technologies\ATI.ACE\Core-Static;c:\Program Files\Intel\WiFi\bin\;c:\Program Files\Common Files\Intel\WirelessCommon\;C:\Program Files\MATLAB\R2016a\runtime\win64;C:\Program Files\MATLAB\R2016a\bin;C:\Program Files\nodejs\;C:\cygwin64\bin;C:\Users\Miska\AppData\Local\Programs\Python\Python35-32\Scripts\;C:\Users\Miska\AppData\Local\Programs\Python\Python35-32\;C:\Users\Miska\AppData\Local\atom\bin;C:\Users\Miska\AppData\Roaming\npm
8 verbose lifecycle palpobaggins@0.0.0~prestart: CWD: C:\Users\Miska\Koulujuttuja\Palpo\nodejs-server-server
9 silly lifecycle palpobaggins@0.0.0~prestart: Args: [ '/d /s /c', 'npm install' ]
10 silly lifecycle palpobaggins@0.0.0~prestart: Returned: code: 0  signal: null
11 info lifecycle palpobaggins@0.0.0~start: palpobaggins@0.0.0
12 verbose lifecycle palpobaggins@0.0.0~start: unsafe-perm in lifecycle true
13 verbose lifecycle palpobaggins@0.0.0~start: PATH: C:\Program Files\nodejs\node_modules\npm\bin\node-gyp-bin;C:\Users\Miska\Koulujuttuja\Palpo\nodejs-server-server\node_modules\.bin;C:\ProgramData\Oracle\Java\javapath;C:\WINDOWS\system32;C:\WINDOWS;C:\WINDOWS\System32\Wbem;C:\WINDOWS\System32\WindowsPowerShell\v1.0\;C:\Program Files\Hewlett-Packard\SimplePass\;c:\Program Files (x86)\ATI Technologies\ATI.ACE\Core-Static;c:\Program Files\Intel\WiFi\bin\;c:\Program Files\Common Files\Intel\WirelessCommon\;C:\Program Files\MATLAB\R2016a\runtime\win64;C:\Program Files\MATLAB\R2016a\bin;C:\Program Files\nodejs\;C:\cygwin64\bin;C:\Users\Miska\AppData\Local\Programs\Python\Python35-32\Scripts\;C:\Users\Miska\AppData\Local\Programs\Python\Python35-32\;C:\Users\Miska\AppData\Local\atom\bin;C:\Users\Miska\AppData\Roaming\npm
14 verbose lifecycle palpobaggins@0.0.0~start: CWD: C:\Users\Miska\Koulujuttuja\Palpo\nodejs-server-server
15 silly lifecycle palpobaggins@0.0.0~start: Args: [ '/d /s /c', 'node index.js' ]
16 silly lifecycle palpobaggins@0.0.0~start: Returned: code: 1  signal: null
17 info lifecycle palpobaggins@0.0.0~start: Failed to exec start script
18 verbose stack Error: palpobaggins@0.0.0 start: `node index.js`
18 verbose stack Exit status 1
18 verbose stack     at EventEmitter.<anonymous> (C:\Program Files\nodejs\node_modules\npm\lib\utils\lifecycle.js:255:16)
18 verbose stack     at emitTwo (events.js:106:13)
18 verbose stack     at EventEmitter.emit (events.js:191:7)
18 verbose stack     at ChildProcess.<anonymous> (C:\Program Files\nodejs\node_modules\npm\lib\utils\spawn.js:40:14)
18 verbose stack     at emitTwo (events.js:106:13)
18 verbose stack     at ChildProcess.emit (events.js:191:7)
18 verbose stack     at maybeClose (internal/child_process.js:877:16)
18 verbose stack     at Process.ChildProcess._handle.onexit (internal/child_process.js:226:5)
19 verbose pkgid palpobaggins@0.0.0
20 verbose cwd C:\Users\Miska\Koulujuttuja\Palpo\nodejs-server-server
21 error Windows_NT 10.0.10586
22 error argv "C:\\Program Files\\nodejs\\node.exe" "C:\\Program Files\\nodejs\\node_modules\\npm\\bin\\npm-cli.js" "start"
23 error node v6.9.1
24 error npm  v3.10.8
25 error code ELIFECYCLE
26 error palpobaggins@0.0.0 start: `node index.js`
26 error Exit status 1
27 error Failed at the palpobaggins@0.0.0 start script 'node index.js'.
27 error Make sure you have the latest version of node.js and npm installed.
27 error If you do, this is most likely a problem with the palpobaggins package,
27 error not with npm itself.
27 error Tell the author that this fails on your system:
27 error     node index.js
27 error You can get information on how to open an issue for this project with:
27 error     npm bugs palpobaggins
27 error Or if that isn't available, you can get their info via:
27 error     npm owner ls palpobaggins
27 error There is likely additional logging output above.
28 verbose exit [ 1, true ]
